This is pdfTeX, Version 3.14159265-2.6-1.40.21 (MiKTeX 20.6.29) (preloaded format=pdflatex 2020.8.2)  20 JAN 2021 22:39
entering extended mode
**"./Gradiometer User Manual.tex"
("Gradiometer User Manual.tex"
LaTeX2e <2020-02-02> patch level 5
L3 programming layer <2020-06-18> (TheMartianReport.cls
Document Class: TheMartianReport 2018 Project Documentation LaTeX class
("C:\Program Files\MiKTeX\tex/latex/base\article.cls"
Document Class: article 2019/12/20 v1.4l Standard LaTeX document class
("C:\Program Files\MiKTeX\tex/latex/base\size10.clo"
File: size10.clo 2019/12/20 v1.4l Standard LaTeX file (size option)
)
\c@part=\count167
\c@section=\count168
\c@subsection=\count169
\c@subsubsection=\count170
\c@paragraph=\count171
\c@subparagraph=\count172
\c@figure=\count173
\c@table=\count174
\abovecaptionskip=\skip47
\belowcaptionskip=\skip48
\bibindent=\dimen134
)
("C:\Program Files\MiKTeX\tex/latex/geometry\geometry.sty"
Package: geometry 2020/01/02 v5.9 Page Geometry

("C:\Program Files\MiKTeX\tex/latex/graphics\keyval.sty"
Package: keyval 2014/10/28 v1.15 key=value parser (DPC)
\KV@toks@=\toks15
)
("C:\Program Files\MiKTeX\tex/generic/iftex\ifvtex.sty"
Package: ifvtex 2019/10/25 v1.7 ifvtex legacy package. Use iftex instead.

("C:\Program Files\MiKTeX\tex/generic/iftex\iftex.sty"
Package: iftex 2020/03/06 v1.0d TeX engine tests
))
\Gm@cnth=\count175
\Gm@cntv=\count176
\c@Gm@tempcnt=\count177
\Gm@bindingoffset=\dimen135
\Gm@wd@mp=\dimen136
\Gm@odd@mp=\dimen137
\Gm@even@mp=\dimen138
\Gm@layoutwidth=\dimen139
\Gm@layoutheight=\dimen140
\Gm@layouthoffset=\dimen141
\Gm@layoutvoffset=\dimen142
\Gm@dimlist=\toks16

("C:\Program Files\MiKTeX\tex/latex/geometry\geometry.cfg"))
("C:\Program Files\MiKTeX\tex/latex/graphics\graphicx.sty"
Package: graphicx 2019/11/30 v1.2a Enhanced LaTeX Graphics (DPC,SPQR)

("C:\Program Files\MiKTeX\tex/latex/graphics\graphics.sty"
Package: graphics 2019/11/30 v1.4a Standard LaTeX Graphics (DPC,SPQR)

("C:\Program Files\MiKTeX\tex/latex/graphics\trig.sty"
Package: trig 2016/01/03 v1.10 sin cos tan (DPC)
)
("C:\Program Files\MiKTeX\tex/latex/graphics-cfg\graphics.cfg"
File: graphics.cfg 2016/06/04 v1.11 sample graphics configuration
)
Package graphics Info: Driver file: pdftex.def on input line 105.

("C:\Program Files\MiKTeX\tex/latex/graphics-def\pdftex.def"
File: pdftex.def 2018/01/08 v1.0l Graphics/color driver for pdftex
))
\Gin@req@height=\dimen143
\Gin@req@width=\dimen144
)
("C:\Program Files\MiKTeX\tex/latex/parskip\parskip.sty"
Package: parskip 2020-06-15 v2.0f non-zero parskip adjustments

("C:\Program Files\MiKTeX\tex/latex/kvoptions\kvoptions.sty"
Package: kvoptions 2019/11/29 v3.13 Key value format for package options (HO)

("C:\Program Files\MiKTeX\tex/generic/ltxcmds\ltxcmds.sty"
Package: ltxcmds 2019/12/15 v1.24 LaTeX kernel commands for general use (HO)
)
("C:\Program Files\MiKTeX\tex/generic/kvsetkeys\kvsetkeys.sty"
Package: kvsetkeys 2019/12/15 v1.18 Key value parser (HO)
))
("C:\Program Files\MiKTeX\tex/latex/etoolbox\etoolbox.sty"
Package: etoolbox 2019/09/21 v2.5h e-TeX tools for LaTeX (JAW)
\etb@tempcnta=\count178
))
("C:\Program Files\MiKTeX\tex/latex/tocloft\tocloft.sty"
Package: tocloft 2017/08/31 v2.3i parameterised ToC, etc., typesetting
Package tocloft Info: The document has section divisions on input line 51.
\cftparskip=\skip49
\cftbeforetoctitleskip=\skip50
\cftaftertoctitleskip=\skip51
\cftbeforepartskip=\skip52
\cftpartnumwidth=\skip53
\cftpartindent=\skip54
\cftbeforesecskip=\skip55
\cftsecindent=\skip56
\cftsecnumwidth=\skip57
\cftbeforesubsecskip=\skip58
\cftsubsecindent=\skip59
\cftsubsecnumwidth=\skip60
\cftbeforesubsubsecskip=\skip61
\cftsubsubsecindent=\skip62
\cftsubsubsecnumwidth=\skip63
\cftbeforeparaskip=\skip64
\cftparaindent=\skip65
\cftparanumwidth=\skip66
\cftbeforesubparaskip=\skip67
\cftsubparaindent=\skip68
\cftsubparanumwidth=\skip69
\cftbeforeloftitleskip=\skip70
\cftafterloftitleskip=\skip71
\cftbeforefigskip=\skip72
\cftfigindent=\skip73
\cftfignumwidth=\skip74
\c@lofdepth=\count179
\c@lotdepth=\count180
\cftbeforelottitleskip=\skip75
\cftafterlottitleskip=\skip76
\cftbeforetabskip=\skip77
\cfttabindent=\skip78
\cfttabnumwidth=\skip79


Package tocloft Warning: \@starttoc has already been redefined; tocloft bailing
 out. on input line 1156.

) ("C:\Program Files\MiKTeX\tex/latex/l3packages/xparse\xparse.sty"
("C:\Program Files\MiKTeX\tex/latex/l3kernel\expl3.sty"
Package: expl3 2020-06-18 L3 programming layer (loader) 

("C:\Program Files\MiKTeX\tex/latex/l3backend\l3backend-pdfmode.def"
File: l3backend-pdfmode.def 2020-06-29 L3 backend support: PDF mode
\l__kernel_color_stack_int=\count181
\l__pdf_internal_box=\box45
))
Package: xparse 2020-05-15 L3 Experimental document command parser

("C:\Program Files\MiKTeX\tex/latex/l3packages/xparse\xparse-generic.tex"
\l__xparse_current_arg_int=\count182
\g__xparse_grabber_int=\count183
\l__xparse_m_args_int=\count184
\l__xparse_v_nesting_int=\count185
))
("C:\Program Files\MiKTeX\tex/latex/fancyhdr\fancyhdr.sty"
Package: fancyhdr 2019/01/31 v3.10 Extensive control of page headers and footer
s
\f@nch@headwidth=\skip80
\f@nch@O@elh=\skip81
\f@nch@O@erh=\skip82
\f@nch@O@olh=\skip83
\f@nch@O@orh=\skip84
\f@nch@O@elf=\skip85
\f@nch@O@erf=\skip86
\f@nch@O@olf=\skip87
\f@nch@O@orf=\skip88
)
("C:\Program Files\MiKTeX\tex/latex/xcolor\xcolor.sty"
Package: xcolor 2016/05/11 v2.12 LaTeX color extensions (UK)

("C:\Program Files\MiKTeX\tex/latex/graphics-cfg\color.cfg"
File: color.cfg 2016/01/02 v1.6 sample color configuration
)
Package xcolor Info: Driver file: pdftex.def on input line 225.

("C:\Program Files\MiKTeX\tex/latex/colortbl\colortbl.sty"
Package: colortbl 2020/01/04 v1.0e Color table columns (DPC)

("C:\Program Files\MiKTeX\tex/latex/tools\array.sty"
Package: array 2019/08/31 v2.4l Tabular extension package (FMi)
\col@sep=\dimen145
\ar@mcellbox=\box46
\extrarowheight=\dimen146
\NC@list=\toks17
\extratabsurround=\skip89
\backup@length=\skip90
\ar@cellbox=\box47
)
\everycr=\toks18
\minrowclearance=\skip91
)
\rownum=\count186
Package xcolor Info: Model `cmy' substituted by `cmy0' on input line 1348.
Package xcolor Info: Model `hsb' substituted by `rgb' on input line 1352.
Package xcolor Info: Model `RGB' extended on input line 1364.
Package xcolor Info: Model `HTML' substituted by `rgb' on input line 1366.
Package xcolor Info: Model `Hsb' substituted by `hsb' on input line 1367.
Package xcolor Info: Model `tHsb' substituted by `hsb' on input line 1368.
Package xcolor Info: Model `HSB' substituted by `hsb' on input line 1369.
Package xcolor Info: Model `Gray' substituted by `gray' on input line 1370.
Package xcolor Info: Model `wave' substituted by `hsb' on input line 1371.
)
("C:\Program Files\MiKTeX\tex/latex/wrapfig\wrapfig.sty"
\wrapoverhang=\dimen147
\WF@size=\dimen148
\c@WF@wrappedlines=\count187
\WF@box=\box48
\WF@everypar=\toks19
Package: wrapfig 2003/01/31  v 3.6
)
("C:\Program Files\MiKTeX\tex/latex/titlesec\titlesec.sty"
Package: titlesec 2019/10/16 v2.13 Sectioning titles
\ttl@box=\box49
\beforetitleunit=\skip92
\aftertitleunit=\skip93
\ttl@plus=\dimen149
\ttl@minus=\dimen150
\ttl@toksa=\toks20
\titlewidth=\dimen151
\titlewidthlast=\dimen152
\titlewidthfirst=\dimen153
)
("C:\Program Files\MiKTeX\tex/latex/natbib\natbib.sty"
Package: natbib 2010/09/13 8.31b (PWD, AO)
\bibhang=\skip94
\bibsep=\skip95
LaTeX Info: Redefining \cite on input line 694.
\c@NAT@ctr=\count188
)
("C:\Program Files\MiKTeX\tex/latex/hyperref\hyperref.sty"
Package: hyperref 2020-05-15 v7.00e Hypertext links for LaTeX

("C:\Program Files\MiKTeX\tex/generic/pdftexcmds\pdftexcmds.sty"
Package: pdftexcmds 2020-06-27 v0.33 Utility functions of pdfTeX for LuaTeX (HO
)

("C:\Program Files\MiKTeX\tex/generic/infwarerr\infwarerr.sty"
Package: infwarerr 2019/12/03 v1.5 Providing info/warning/error messages (HO)
)
Package pdftexcmds Info: \pdf@primitive is available.
Package pdftexcmds Info: \pdf@ifprimitive is available.
Package pdftexcmds Info: \pdfdraftmode found.
)
("C:\Program Files\MiKTeX\tex/generic/kvdefinekeys\kvdefinekeys.sty"
Package: kvdefinekeys 2019-12-19 v1.6 Define keys (HO)
)
("C:\Program Files\MiKTeX\tex/generic/pdfescape\pdfescape.sty"
Package: pdfescape 2019/12/09 v1.15 Implements pdfTeX's escape features (HO)
)
("C:\Program Files\MiKTeX\tex/latex/hycolor\hycolor.sty"
Package: hycolor 2020-01-27 v1.10 Color options for hyperref/bookmark (HO)
)
("C:\Program Files\MiKTeX\tex/latex/letltxmacro\letltxmacro.sty"
Package: letltxmacro 2019/12/03 v1.6 Let assignment for LaTeX macros (HO)
)
("C:\Program Files\MiKTeX\tex/latex/auxhook\auxhook.sty"
Package: auxhook 2019-12-17 v1.6 Hooks for auxiliary files (HO)
)
\@linkdim=\dimen154
\Hy@linkcounter=\count189
\Hy@pagecounter=\count190

("C:\Program Files\MiKTeX\tex/latex/hyperref\pd1enc.def"
File: pd1enc.def 2020-05-15 v7.00e Hyperref: PDFDocEncoding definition (HO)
Now handling font encoding PD1 ...
... no UTF-8 mapping file for font encoding PD1
)
("C:\Program Files\MiKTeX\tex/generic/intcalc\intcalc.sty"
Package: intcalc 2019/12/15 v1.3 Expandable calculations with integers (HO)
)
("C:\Program Files\MiKTeX\tex/generic/etexcmds\etexcmds.sty"
Package: etexcmds 2019/12/15 v1.7 Avoid name clashes with e-TeX commands (HO)
)
\Hy@SavedSpaceFactor=\count191
Package hyperref Info: Hyper figures OFF on input line 4464.
Package hyperref Info: Link nesting OFF on input line 4469.
Package hyperref Info: Hyper index ON on input line 4472.
Package hyperref Info: Plain pages OFF on input line 4479.
Package hyperref Info: Backreferencing OFF on input line 4484.
Package hyperref Info: Implicit mode ON; LaTeX internals redefined.
Package hyperref Info: Bookmarks ON on input line 4717.
\c@Hy@tempcnt=\count192

("C:\Program Files\MiKTeX\tex/latex/url\url.sty"
\Urlmuskip=\muskip16
Package: url 2013/09/16  ver 3.4  Verb mode for urls, etc.
)
LaTeX Info: Redefining \url on input line 5076.
\XeTeXLinkMargin=\dimen155

("C:\Program Files\MiKTeX\tex/generic/bitset\bitset.sty"
Package: bitset 2019/12/09 v1.3 Handle bit-vector datatype (HO)

("C:\Program Files\MiKTeX\tex/generic/bigintcalc\bigintcalc.sty"
Package: bigintcalc 2019/12/15 v1.5 Expandable calculations on big integers (HO
)
))
\Fld@menulength=\count193
\Field@Width=\dimen156
\Fld@charsize=\dimen157
Package hyperref Info: Hyper figures OFF on input line 6347.
Package hyperref Info: Link nesting OFF on input line 6352.
Package hyperref Info: Hyper index ON on input line 6355.
Package hyperref Info: backreferencing OFF on input line 6362.
Package hyperref Info: Link coloring OFF on input line 6367.
Package hyperref Info: Link coloring with OCG OFF on input line 6372.
Package hyperref Info: PDF/A mode OFF on input line 6377.
LaTeX Info: Redefining \ref on input line 6417.
LaTeX Info: Redefining \pageref on input line 6421.

("C:\Program Files\MiKTeX\tex/generic/atbegshi\atbegshi.sty"
Package: atbegshi 2019/12/05 v1.19 At begin shipout hook (HO)
)
\Hy@abspage=\count194
\c@Item=\count195
\c@Hfootnote=\count196
)
Package hyperref Info: Driver (autodetected): hpdftex.

("C:\Program Files\MiKTeX\tex/latex/hyperref\hpdftex.def"
File: hpdftex.def 2020-05-15 v7.00e Hyperref driver for pdfTeX

("C:\Program Files\MiKTeX\tex/latex/atveryend\atveryend.sty"
Package: atveryend 2019-12-11 v1.11 Hooks at the very end of document (HO)
)
\Fld@listcount=\count197
\c@bookmark@seq@number=\count198

("C:\Program Files\MiKTeX\tex/latex/rerunfilecheck\rerunfilecheck.sty"
Package: rerunfilecheck 2019/12/05 v1.9 Rerun checks for auxiliary files (HO)

("C:\Program Files\MiKTeX\tex/generic/uniquecounter\uniquecounter.sty"
Package: uniquecounter 2019/12/15 v1.4 Provide unlimited unique counter (HO)
)
Package uniquecounter Info: New unique counter `rerunfilecheck' on input line 2
86.
)
\Hy@SectionHShift=\skip96
)

Package Fancyhdr Warning: \fancyhead's `E' option without twoside option is use
less on input line 118.


Package Fancyhdr Warning: \fancyhead's `E' option without twoside option is use
less on input line 119.

) ("C:\Program Files\MiKTeX\tex/latex/blindtext\blindtext.sty"
Package: blindtext 2012/01/06 V2.0 blindtext-Package

("C:\Program Files\MiKTeX\tex/latex/tools\xspace.sty"
Package: xspace 2014/10/28 v1.13 Space after command names (DPC,MH)
)
\c@blindtext=\count199
\c@Blindtext=\count266
\c@blind@countparstart=\count267
\blind@countxx=\count268
\blindtext@numBlindtext=\count269
\blind@countyy=\count270
\c@blindlist=\count271
\c@blindlistlevel=\count272
\c@blindlist@level=\count273
\blind@listitem=\count274
\c@blind@listcount=\count275
\c@blind@levelcount=\count276
\blind@mathformula=\count277
\blind@Mathformula=\count278
\c@blind@randomcount=\count279
\c@blind@randommax=\count280
\c@blind@pangramcount=\count281
\c@blind@pangrammax=\count282
)
("C:\Program Files\MiKTeX\tex/latex/base\inputenc.sty"
Package: inputenc 2018/08/11 v1.3c Input encoding file
\inpenc@prehook=\toks21
\inpenc@posthook=\toks22
)
("C:\Program Files\MiKTeX\tex/latex/minted\minted.sty"
Package: minted 2017/07/19 v2.5 Yet another Pygments shim for LaTeX

("C:\Program Files\MiKTeX\tex/latex/fvextra\fvextra.sty"
Package: fvextra 2019/02/04 v1.4 fvextra - extensions and patches for fancyvrb

("C:\Program Files\MiKTeX\tex/latex/base\ifthen.sty"
Package: ifthen 2014/09/29 v1.1c Standard LaTeX ifthen package (DPC)
)
("C:\Program Files\MiKTeX\tex/latex/fancyvrb\fancyvrb.sty"
Package: fancyvrb 2020/05/03 v3.6 verbatim text (tvz,hv)
\FV@CodeLineNo=\count283
\FV@InFile=\read2
\FV@TabBox=\box50
\c@FancyVerbLine=\count284
\FV@StepNumber=\count285
\FV@OutFile=\write3
)
("C:\Program Files\MiKTeX\tex/latex/upquote\upquote.sty"
Package: upquote 2012/04/19 v1.3 upright-quote and grave-accent glyphs in verba
tim
)
("C:\Program Files\MiKTeX\tex/latex/lineno\lineno.sty"
Package: lineno 2005/11/02 line numbers on paragraphs v4.41
\linenopenalty=\count286
\output=\toks23
\linenoprevgraf=\count287
\linenumbersep=\dimen158
\linenumberwidth=\dimen159
\c@linenumber=\count288
\c@pagewiselinenumber=\count289
\c@LN@truepage=\count290
\c@internallinenumber=\count291
\c@internallinenumbers=\count292
\quotelinenumbersep=\dimen160
\bframerule=\dimen161
\bframesep=\dimen162
\bframebox=\box51
LaTeX Info: Redefining \\ on input line 3056.
)
\c@FV@TrueTabGroupLevel=\count293
\c@FV@TrueTabCounter=\count294
\FV@TabBox@Group=\box52
\FV@TmpLength=\skip97
\c@FV@HighlightLinesStart=\count295
\c@FV@HighlightLinesStop=\count296
\FV@LoopCount=\count297
\FV@NCharsBox=\box53
\FV@BreakIndent=\dimen163
\FV@BreakIndentNChars=\count298
\FV@BreakSymbolSepLeft=\dimen164
\FV@BreakSymbolSepLeftNChars=\count299
\FV@BreakSymbolSepRight=\dimen165
\FV@BreakSymbolSepRightNChars=\count300
\FV@BreakSymbolIndentLeft=\dimen166
\FV@BreakSymbolIndentLeftNChars=\count301
\FV@BreakSymbolIndentRight=\dimen167
\FV@BreakSymbolIndentRightNChars=\count302
\c@FancyVerbLineBreakLast=\count303
\FV@LineBox=\box54
\FV@LineIndentBox=\box55
\FV@LineWidth=\dimen168
)
("C:\Program Files\MiKTeX\tex/latex/tools\calc.sty"
Package: calc 2017/05/25 v4.3 Infix arithmetic (KKT,FJ)
\calc@Acount=\count304
\calc@Bcount=\count305
\calc@Adimen=\dimen169
\calc@Bdimen=\dimen170
\calc@Askip=\skip98
\calc@Bskip=\skip99
LaTeX Info: Redefining \setlength on input line 80.
LaTeX Info: Redefining \addtolength on input line 81.
\calc@Ccount=\count306
\calc@Cskip=\skip100
)
("C:\Program Files\MiKTeX\tex/latex/tools\shellesc.sty"
Package: shellesc 2019/11/08 v1.0c unified shell escape interface for LaTeX
Package shellesc Info: Unrestricted shell escape enabled on input line 75.
)
("C:\Program Files\MiKTeX\tex/latex/ifplatform\ifplatform.sty"
Package: ifplatform 2017/10/13 v0.4a Testing for the operating system

("C:\Program Files\MiKTeX\tex/generic/catchfile\catchfile.sty"
Package: catchfile 2019/12/09 v1.8 Catch the contents of a file (HO)
)
("C:\Program Files\MiKTeX\tex/generic/iftex\ifluatex.sty"
Package: ifluatex 2019/10/25 v1.5 ifluatex legacy package. Use iftex instead.
))
("C:\Program Files\MiKTeX\tex/latex/xstring\xstring.sty"
("C:\Program Files\MiKTeX\tex/generic/xstring\xstring.tex"
\integerpart=\count307
\decimalpart=\count308
)
Package: xstring 2019/02/06 v1.83 String manipulations (CT)
)
("C:\Program Files\MiKTeX\tex/latex/framed\framed.sty"
Package: framed 2011/10/22 v 0.96: framed or shaded text with page breaks
\OuterFrameSep=\skip101
\fb@frw=\dimen171
\fb@frh=\dimen172
\FrameRule=\dimen173
\FrameSep=\dimen174
)
("C:\Program Files\MiKTeX\tex/latex/float\float.sty"
Package: float 2001/11/08 v1.3d Float enhancements (AL)
\c@float@type=\count309
\float@exts=\toks24
\float@box=\box56
\@float@everytoks=\toks25
\@floatcapt=\box57
)
\minted@appexistsfile=\read3
\minted@bgbox=\box58
\minted@code=\write4
\c@minted@FancyVerbLineTemp=\count310
\c@minted@pygmentizecounter=\count311
\@float@every@listing=\toks26
\c@listing=\count312
)
runsystem(if not exist _minted-Gradiometer_User_Manual mkdir _minted-Gradiomete
r_User_Manual)...executed.

Package hyperref Info: Option `colorlinks' set `true' on input line 23.

("C:\Program Files\MiKTeX\tex/latex/menukeys\menukeys.sty"
Package: menukeys 2016/08/08 v1.5 -- A package to format menus, paths and short
cuts

("C:\Program Files\MiKTeX\tex/latex/pgf/frontendlayer\tikz.sty"
("C:\Program Files\MiKTeX\tex/latex/pgf/basiclayer\pgf.sty"
("C:\Program Files\MiKTeX\tex/latex/pgf/utilities\pgfrcs.sty"
("C:\Program Files\MiKTeX\tex/generic/pgf/utilities\pgfutil-common.tex"
\pgfutil@everybye=\toks27
\pgfutil@tempdima=\dimen175
\pgfutil@tempdimb=\dimen176

("C:\Program Files\MiKTeX\tex/generic/pgf/utilities\pgfutil-common-lists.tex"))
("C:\Program Files\MiKTeX\tex/generic/pgf/utilities\pgfutil-latex.def"
\pgfutil@abb=\box59

("C:\Program Files\MiKTeX\tex/latex/ms\everyshi.sty"
Package: everyshi 2001/05/15 v3.00 EveryShipout Package (MS)
))
("C:\Program Files\MiKTeX\tex/generic/pgf/utilities\pgfrcs.code.tex"
("C:\Program Files\MiKTeX\tex/generic/pgf\pgf.revision.tex")
Package: pgfrcs 2020/01/08 v3.1.5b (3.1.5b)
))
Package: pgf 2020/01/08 v3.1.5b (3.1.5b)

("C:\Program Files\MiKTeX\tex/latex/pgf/basiclayer\pgfcore.sty"
("C:\Program Files\MiKTeX\tex/latex/pgf/systemlayer\pgfsys.sty"
("C:\Program Files\MiKTeX\tex/generic/pgf/systemlayer\pgfsys.code.tex"
Package: pgfsys 2020/01/08 v3.1.5b (3.1.5b)

("C:\Program Files\MiKTeX\tex/generic/pgf/utilities\pgfkeys.code.tex"
\pgfkeys@pathtoks=\toks28
\pgfkeys@temptoks=\toks29

("C:\Program Files\MiKTeX\tex/generic/pgf/utilities\pgfkeysfiltered.code.tex"
\pgfkeys@tmptoks=\toks30
))
\pgf@x=\dimen177
\pgf@y=\dimen178
\pgf@xa=\dimen179
\pgf@ya=\dimen180
\pgf@xb=\dimen181
\pgf@yb=\dimen182
\pgf@xc=\dimen183
\pgf@yc=\dimen184
\pgf@xd=\dimen185
\pgf@yd=\dimen186
\w@pgf@writea=\write5
\r@pgf@reada=\read4
\c@pgf@counta=\count313
\c@pgf@countb=\count314
\c@pgf@countc=\count315
\c@pgf@countd=\count316
\t@pgf@toka=\toks31
\t@pgf@tokb=\toks32
\t@pgf@tokc=\toks33
\pgf@sys@id@count=\count317
("C:\Program Files\MiKTeX\tex/generic/pgf/systemlayer\pgf.cfg"
File: pgf.cfg 2020/01/08 v3.1.5b (3.1.5b)
)
Driver file for pgf: pgfsys-pdftex.def

("C:\Program Files\MiKTeX\tex/generic/pgf/systemlayer\pgfsys-pdftex.def"
File: pgfsys-pdftex.def 2020/01/08 v3.1.5b (3.1.5b)

("C:\Program Files\MiKTeX\tex/generic/pgf/systemlayer\pgfsys-common-pdf.def"
File: pgfsys-common-pdf.def 2020/01/08 v3.1.5b (3.1.5b)
))) ("C:\Program Files\MiKTeX\tex/generic/pgf/systemlayer\pgfsyssoftpath.code.t
ex"
File: pgfsyssoftpath.code.tex 2020/01/08 v3.1.5b (3.1.5b)
\pgfsyssoftpath@smallbuffer@items=\count318
\pgfsyssoftpath@bigbuffer@items=\count319
) ("C:\Program Files\MiKTeX\tex/generic/pgf/systemlayer\pgfsysprotocol.code.tex
"
File: pgfsysprotocol.code.tex 2020/01/08 v3.1.5b (3.1.5b)
)) ("C:\Program Files\MiKTeX\tex/generic/pgf/basiclayer\pgfcore.code.tex"
Package: pgfcore 2020/01/08 v3.1.5b (3.1.5b)

("C:\Program Files\MiKTeX\tex/generic/pgf/math\pgfmath.code.tex"
("C:\Program Files\MiKTeX\tex/generic/pgf/math\pgfmathcalc.code.tex"
("C:\Program Files\MiKTeX\tex/generic/pgf/math\pgfmathutil.code.tex")
("C:\Program Files\MiKTeX\tex/generic/pgf/math\pgfmathparser.code.tex"
\pgfmath@dimen=\dimen187
\pgfmath@count=\count320
\pgfmath@box=\box60
\pgfmath@toks=\toks34
\pgfmath@stack@operand=\toks35
\pgfmath@stack@operation=\toks36
)
("C:\Program Files\MiKTeX\tex/generic/pgf/math\pgfmathfunctions.code.tex"
("C:\Program Files\MiKTeX\tex/generic/pgf/math\pgfmathfunctions.basic.code.tex"
)
("C:\Program Files\MiKTeX\tex/generic/pgf/math\pgfmathfunctions.trigonometric.c
ode.tex")
("C:\Program Files\MiKTeX\tex/generic/pgf/math\pgfmathfunctions.random.code.tex
")
("C:\Program Files\MiKTeX\tex/generic/pgf/math\pgfmathfunctions.comparison.code
.tex")
("C:\Program Files\MiKTeX\tex/generic/pgf/math\pgfmathfunctions.base.code.tex")
("C:\Program Files\MiKTeX\tex/generic/pgf/math\pgfmathfunctions.round.code.tex"
) ("C:\Program Files\MiKTeX\tex/generic/pgf/math\pgfmathfunctions.misc.code.tex
")
("C:\Program Files\MiKTeX\tex/generic/pgf/math\pgfmathfunctions.integerarithmet
ics.code.tex")))
("C:\Program Files\MiKTeX\tex/generic/pgf/math\pgfmathfloat.code.tex"
\c@pgfmathroundto@lastzeros=\count321
))
("C:\Program Files\MiKTeX\tex/generic/pgf/math\pgfint.code.tex")
("C:\Program Files\MiKTeX\tex/generic/pgf/basiclayer\pgfcorepoints.code.tex"
File: pgfcorepoints.code.tex 2020/01/08 v3.1.5b (3.1.5b)
\pgf@picminx=\dimen188
\pgf@picmaxx=\dimen189
\pgf@picminy=\dimen190
\pgf@picmaxy=\dimen191
\pgf@pathminx=\dimen192
\pgf@pathmaxx=\dimen193
\pgf@pathminy=\dimen194
\pgf@pathmaxy=\dimen195
\pgf@xx=\dimen196
\pgf@xy=\dimen197
\pgf@yx=\dimen198
\pgf@yy=\dimen199
\pgf@zx=\dimen256
\pgf@zy=\dimen257
)
("C:\Program Files\MiKTeX\tex/generic/pgf/basiclayer\pgfcorepathconstruct.code.
tex"
File: pgfcorepathconstruct.code.tex 2020/01/08 v3.1.5b (3.1.5b)
\pgf@path@lastx=\dimen258
\pgf@path@lasty=\dimen259
)
("C:\Program Files\MiKTeX\tex/generic/pgf/basiclayer\pgfcorepathusage.code.tex"
File: pgfcorepathusage.code.tex 2020/01/08 v3.1.5b (3.1.5b)
\pgf@shorten@end@additional=\dimen260
\pgf@shorten@start@additional=\dimen261
) ("C:\Program Files\MiKTeX\tex/generic/pgf/basiclayer\pgfcorescopes.code.tex"
File: pgfcorescopes.code.tex 2020/01/08 v3.1.5b (3.1.5b)
\pgfpic=\box61
\pgf@hbox=\box62
\pgf@layerbox@main=\box63
\pgf@picture@serial@count=\count322
)
("C:\Program Files\MiKTeX\tex/generic/pgf/basiclayer\pgfcoregraphicstate.code.t
ex"
File: pgfcoregraphicstate.code.tex 2020/01/08 v3.1.5b (3.1.5b)
\pgflinewidth=\dimen262
)
("C:\Program Files\MiKTeX\tex/generic/pgf/basiclayer\pgfcoretransformations.cod
e.tex"
File: pgfcoretransformations.code.tex 2020/01/08 v3.1.5b (3.1.5b)
\pgf@pt@x=\dimen263
\pgf@pt@y=\dimen264
\pgf@pt@temp=\dimen265
)
("C:\Program Files\MiKTeX\tex/generic/pgf/basiclayer\pgfcorequick.code.tex"
File: pgfcorequick.code.tex 2020/01/08 v3.1.5b (3.1.5b)
)
("C:\Program Files\MiKTeX\tex/generic/pgf/basiclayer\pgfcoreobjects.code.tex"
File: pgfcoreobjects.code.tex 2020/01/08 v3.1.5b (3.1.5b)
)
("C:\Program Files\MiKTeX\tex/generic/pgf/basiclayer\pgfcorepathprocessing.code
.tex"
File: pgfcorepathprocessing.code.tex 2020/01/08 v3.1.5b (3.1.5b)
)
("C:\Program Files\MiKTeX\tex/generic/pgf/basiclayer\pgfcorearrows.code.tex"
File: pgfcorearrows.code.tex 2020/01/08 v3.1.5b (3.1.5b)
\pgfarrowsep=\dimen266
)
("C:\Program Files\MiKTeX\tex/generic/pgf/basiclayer\pgfcoreshade.code.tex"
File: pgfcoreshade.code.tex 2020/01/08 v3.1.5b (3.1.5b)
\pgf@max=\dimen267
\pgf@sys@shading@range@num=\count323
\pgf@shadingcount=\count324
)
("C:\Program Files\MiKTeX\tex/generic/pgf/basiclayer\pgfcoreimage.code.tex"
File: pgfcoreimage.code.tex 2020/01/08 v3.1.5b (3.1.5b)

("C:\Program Files\MiKTeX\tex/generic/pgf/basiclayer\pgfcoreexternal.code.tex"
File: pgfcoreexternal.code.tex 2020/01/08 v3.1.5b (3.1.5b)
\pgfexternal@startupbox=\box64
)) ("C:\Program Files\MiKTeX\tex/generic/pgf/basiclayer\pgfcorelayers.code.tex"
File: pgfcorelayers.code.tex 2020/01/08 v3.1.5b (3.1.5b)
)
("C:\Program Files\MiKTeX\tex/generic/pgf/basiclayer\pgfcoretransparency.code.t
ex"
File: pgfcoretransparency.code.tex 2020/01/08 v3.1.5b (3.1.5b)
)
("C:\Program Files\MiKTeX\tex/generic/pgf/basiclayer\pgfcorepatterns.code.tex"
File: pgfcorepatterns.code.tex 2020/01/08 v3.1.5b (3.1.5b)
) ("C:\Program Files\MiKTeX\tex/generic/pgf/basiclayer\pgfcorerdf.code.tex"
File: pgfcorerdf.code.tex 2020/01/08 v3.1.5b (3.1.5b)
)))
("C:\Program Files\MiKTeX\tex/generic/pgf/modules\pgfmoduleshapes.code.tex"
File: pgfmoduleshapes.code.tex 2020/01/08 v3.1.5b (3.1.5b)
\pgfnodeparttextbox=\box65
)
("C:\Program Files\MiKTeX\tex/generic/pgf/modules\pgfmoduleplot.code.tex"
File: pgfmoduleplot.code.tex 2020/01/08 v3.1.5b (3.1.5b)
)
("C:\Program Files\MiKTeX\tex/latex/pgf/compatibility\pgfcomp-version-0-65.sty"
Package: pgfcomp-version-0-65 2020/01/08 v3.1.5b (3.1.5b)
\pgf@nodesepstart=\dimen268
\pgf@nodesepend=\dimen269
) ("C:\Program Files\MiKTeX\tex/latex/pgf/compatibility\pgfcomp-version-1-18.st
y"
Package: pgfcomp-version-1-18 2020/01/08 v3.1.5b (3.1.5b)
)) ("C:\Program Files\MiKTeX\tex/latex/pgf/utilities\pgffor.sty"
("C:\Program Files\MiKTeX\tex/latex/pgf/utilities\pgfkeys.sty"
("C:\Program Files\MiKTeX\tex/generic/pgf/utilities\pgfkeys.code.tex"))
("C:\Program Files\MiKTeX\tex/latex/pgf/math\pgfmath.sty"
("C:\Program Files\MiKTeX\tex/generic/pgf/math\pgfmath.code.tex"))
("C:\Program Files\MiKTeX\tex/generic/pgf/utilities\pgffor.code.tex"
Package: pgffor 2020/01/08 v3.1.5b (3.1.5b)

("C:\Program Files\MiKTeX\tex/generic/pgf/math\pgfmath.code.tex")
\pgffor@iter=\dimen270
\pgffor@skip=\dimen271
\pgffor@stack=\toks37
\pgffor@toks=\toks38
))
("C:\Program Files\MiKTeX\tex/generic/pgf/frontendlayer/tikz\tikz.code.tex"
Package: tikz 2020/01/08 v3.1.5b (3.1.5b)

("C:\Program Files\MiKTeX\tex/generic/pgf/libraries\pgflibraryplothandlers.code
.tex"
File: pgflibraryplothandlers.code.tex 2020/01/08 v3.1.5b (3.1.5b)
\pgf@plot@mark@count=\count325
\pgfplotmarksize=\dimen272
)
\tikz@lastx=\dimen273
\tikz@lasty=\dimen274
\tikz@lastxsaved=\dimen275
\tikz@lastysaved=\dimen276
\tikz@lastmovetox=\dimen277
\tikz@lastmovetoy=\dimen278
\tikzleveldistance=\dimen279
\tikzsiblingdistance=\dimen280
\tikz@figbox=\box66
\tikz@figbox@bg=\box67
\tikz@tempbox=\box68
\tikz@tempbox@bg=\box69
\tikztreelevel=\count326
\tikznumberofchildren=\count327
\tikznumberofcurrentchild=\count328
\tikz@fig@count=\count329

("C:\Program Files\MiKTeX\tex/generic/pgf/modules\pgfmodulematrix.code.tex"
File: pgfmodulematrix.code.tex 2020/01/08 v3.1.5b (3.1.5b)
\pgfmatrixcurrentrow=\count330
\pgfmatrixcurrentcolumn=\count331
\pgf@matrix@numberofcolumns=\count332
)
\tikz@expandcount=\count333

("C:\Program Files\MiKTeX\tex/generic/pgf/frontendlayer/tikz/libraries\tikzlibr
arytopaths.code.tex"
File: tikzlibrarytopaths.code.tex 2020/01/08 v3.1.5b (3.1.5b)
)))
("C:\Program Files\MiKTeX\tex/generic/pgf/frontendlayer/tikz/libraries\tikzlibr
arycalc.code.tex"
File: tikzlibrarycalc.code.tex 2020/01/08 v3.1.5b (3.1.5b)
)
("C:\Program Files\MiKTeX\tex/generic/pgf/frontendlayer/tikz/libraries\tikzlibr
aryshapes.symbols.code.tex"
File: tikzlibraryshapes.symbols.code.tex 2020/01/08 v3.1.5b (3.1.5b)

("C:\Program Files\MiKTeX\tex/generic/pgf/libraries/shapes\pgflibraryshapes.sym
bols.code.tex"
File: pgflibraryshapes.symbols.code.tex 2020/01/08 v3.1.5b (3.1.5b)
))
("C:\Program Files\MiKTeX\tex/generic/pgf/frontendlayer/tikz/libraries\tikzlibr
aryshadows.code.tex"
File: tikzlibraryshadows.code.tex 2020/01/08 v3.1.5b (3.1.5b)

("C:\Program Files\MiKTeX\tex/generic/pgf/frontendlayer/tikz/libraries\tikzlibr
aryfadings.code.tex"
File: tikzlibraryfadings.code.tex 2020/01/08 v3.1.5b (3.1.5b)

("C:\Program Files\MiKTeX\tex/generic/pgf/libraries\pgflibraryfadings.code.tex"
File: pgflibraryfadings.code.tex 2020/01/08 v3.1.5b (3.1.5b)
))) ("C:\Program Files\MiKTeX\tex/latex/adjustbox\adjustbox.sty"
Package: adjustbox 2020/08/19 v1.3 Adjusting TeX boxes (trim, clip, ...)

("C:\Program Files\MiKTeX\tex/latex/xkeyval\xkeyval.sty"
Package: xkeyval 2014/12/03 v2.7a package option processing (HA)

("C:\Program Files\MiKTeX\tex/generic/xkeyval\xkeyval.tex"
("C:\Program Files\MiKTeX\tex/generic/xkeyval\xkvutils.tex"
\XKV@toks=\toks39
\XKV@tempa@toks=\toks40
)
\XKV@depth=\count334
File: xkeyval.tex 2014/12/03 v2.7a key=value parser (HA)
))
("C:\Program Files\MiKTeX\tex/latex/adjustbox\adjcalc.sty"
Package: adjcalc 2012/05/16 v1.1 Provides advanced setlength with multiple back
-ends (calc, etex, pgfmath)
)
("C:\Program Files\MiKTeX\tex/latex/adjustbox\trimclip.sty"
Package: trimclip 2020/08/19 v1.2 Trim and clip general TeX material

("C:\Program Files\MiKTeX\tex/latex/collectbox\collectbox.sty"
Package: collectbox 2012/05/17 v0.4b Collect macro arguments as boxes
\collectedbox=\box70
)
\tc@llx=\dimen281
\tc@lly=\dimen282
\tc@urx=\dimen283
\tc@ury=\dimen284
Package trimclip Info: Using driver 'tc-pdftex.def'.

("C:\Program Files\MiKTeX\tex/latex/adjustbox\tc-pdftex.def"
File: tc-pdftex.def 2019/01/04 v2.2 Clipping driver for pdftex
))
\adjbox@Width=\dimen285
\adjbox@Height=\dimen286
\adjbox@Depth=\dimen287
\adjbox@Totalheight=\dimen288
\adjbox@pwidth=\dimen289
\adjbox@pheight=\dimen290
\adjbox@pdepth=\dimen291
\adjbox@ptotalheight=\dimen292

("C:\Program Files\MiKTeX\tex/latex/ifoddpage\ifoddpage.sty"
Package: ifoddpage 2016/04/23 v1.1 Conditionals for odd/even page detection
\c@checkoddpage=\count335
)
("C:\Program Files\MiKTeX\tex/latex/varwidth\varwidth.sty"
Package: varwidth 2009/03/30 ver 0.92;  Variable-width minipages
\@vwid@box=\box71
\sift@deathcycles=\count336
\@vwid@loff=\dimen293
\@vwid@roff=\dimen294
))
("C:\Program Files\MiKTeX\tex/latex/relsize\relsize.sty"
Package: relsize 2013/03/29 ver 4.1
)
("C:\Program Files\MiKTeX\tex/latex/catoptions\catoptions.sty"
\m@one=\count337
\z@pt=\dimen295
Package: catoptions 2014/08/29 v0.2.7h Securing catcodes and parsing options (A
M)
\cpt@csvdepth=\count338
\cpt@optdepth=\count339
\cpt@cnta=\count340
\indrisdepth=\count341
\cpt@foreachdepth=\count342
\cpt@exprcnt=\count343
)
\c@tw@hyphen@char@num=\count344
)
runsystem(for ^%i in (pygmentize.exe pygmentize.bat pygmentize.cmd) do set > Gr
adiometer_User_Manual.aex <nul: /p x=^%~$PATH:i>> Gradiometer_User_Manual.aex).
..executed.

runsystem(del Gradiometer_User_Manual.aex)...executed.


("Gradiometer User Manual.aux")
\openout1 = `"Gradiometer User Manual.aux"'.

LaTeX Font Info:    Checking defaults for OML/cmm/m/it on input line 37.
LaTeX Font Info:    ... okay on input line 37.
LaTeX Font Info:    Checking defaults for OMS/cmsy/m/n on input line 37.
LaTeX Font Info:    ... okay on input line 37.
LaTeX Font Info:    Checking defaults for OT1/cmr/m/n on input line 37.
LaTeX Font Info:    ... okay on input line 37.
LaTeX Font Info:    Checking defaults for T1/cmr/m/n on input line 37.
LaTeX Font Info:    ... okay on input line 37.
LaTeX Font Info:    Checking defaults for TS1/cmr/m/n on input line 37.
LaTeX Font Info:    ... okay on input line 37.
LaTeX Font Info:    Checking defaults for OMX/cmex/m/n on input line 37.
LaTeX Font Info:    ... okay on input line 37.
LaTeX Font Info:    Checking defaults for U/cmr/m/n on input line 37.
LaTeX Font Info:    ... okay on input line 37.
LaTeX Font Info:    Checking defaults for PD1/pdf/m/n on input line 37.
LaTeX Font Info:    ... okay on input line 37.
LaTeX Font Info:    Trying to load font information for OT1+phv on input line 3
7.

("C:\Program Files\MiKTeX\tex/latex/psnfss\ot1phv.fd"
File: ot1phv.fd 2020/03/25 scalable font definitions for OT1/phv.
)
*geometry* driver: auto-detecting
*geometry* detected driver: pdftex
*geometry* verbose mode - [ preamble ] result:
* driver: pdftex
* paper: <default>
* layout: <same size as paper>
* layoutoffset:(h,v)=(0.0pt,0.0pt)
* modes: 
* h-part:(L,W,R)=(72.26999pt, 452.9679pt, 72.26999pt)
* v-part:(T,H,B)=(50.58878pt, 704.12057pt, 90.3375pt)
* \paperwidth=597.50787pt
* \paperheight=845.04684pt
* \textwidth=452.9679pt
* \textheight=704.12057pt
* \oddsidemargin=0.0pt
* \evensidemargin=0.0pt
* \topmargin=-58.68121pt
* \headheight=12.0pt
* \headsep=25.0pt
* \topskip=10.0pt
* \footskip=30.0pt
* \marginparwidth=57.0pt
* \marginparsep=11.0pt
* \columnsep=10.0pt
* \skip\footins=9.0pt plus 4.0pt minus 2.0pt
* \hoffset=0.0pt
* \voffset=0.0pt
* \mag=1000
* \@twocolumnfalse
* \@twosidefalse
* \@mparswitchfalse
* \@reversemarginfalse
* (1in=72.27pt=25.4mm, 1cm=28.453pt)

("C:\Program Files\MiKTeX\tex/context/base/mkii\supp-pdf.mkii"
[Loading MPS to PDF converter (version 2006.09.02).]
\scratchcounter=\count345
\scratchdimen=\dimen296
\scratchbox=\box72
\nofMPsegments=\count346
\nofMParguments=\count347
\everyMPshowfont=\toks41
\MPscratchCnt=\count348
\MPscratchDim=\dimen297
\MPnumerator=\count349
\makeMPintoPDFobject=\count350
\everyMPtoPDFconversion=\toks42
) ("C:\Program Files\MiKTeX\tex/latex/epstopdf-pkg\epstopdf-base.sty"
Package: epstopdf-base 2020-01-24 v2.11 Base part for package epstopdf
Package epstopdf-base Info: Redefining graphics rule for `.eps' on input line 4
85.
)
\AtBeginShipoutBox=\box73
Package hyperref Info: Link coloring ON on input line 37.

("C:\Program Files\MiKTeX\tex/latex/hyperref\nameref.sty"
Package: nameref 2019/09/16 v2.46 Cross-referencing by name of section

("C:\Program Files\MiKTeX\tex/latex/refcount\refcount.sty"
Package: refcount 2019/12/15 v3.6 Data extraction from label references (HO)
)
("C:\Program Files\MiKTeX\tex/generic/gettitlestring\gettitlestring.sty"
Package: gettitlestring 2019/12/15 v1.6 Cleanup title references (HO)
)
\c@section@level=\count351
)
LaTeX Info: Redefining \ref on input line 37.
LaTeX Info: Redefining \pageref on input line 37.
LaTeX Info: Redefining \nameref on input line 37.

("Gradiometer User Manual.out") ("Gradiometer User Manual.out")
\@outlinefile=\write6
\openout6 = `"Gradiometer User Manual.out"'.

<./images/logo.jpg, id=86, 1110.3081pt x 200.6697pt>
File: ./images/logo.jpg Graphic file (type jpg)
<use ./images/logo.jpg>
Package pdftex.def Info: ./images/logo.jpg  used on input line 37.
(pdftex.def)             Requested size: 135.89174pt x 24.56004pt.

("Gradiometer User Manual.toc"
LaTeX Font Info:    External font `cmex10' loaded for size
(Font)              <7> on input line 2.
LaTeX Font Info:    External font `cmex10' loaded for size
(Font)              <5> on input line 2.
)
\tf@toc=\write7
\openout7 = `"Gradiometer User Manual.toc"'.

 ABD: EveryShipout initializing macros
Underfull \hbox (badness 5403) in paragraph at lines 37--38
[]$[]$ 
 []


Package Fancyhdr Warning: \headheight is too small (12.0pt): 
Make it at least 18.8599pt.
We now make it that large for the rest of the document.
This may cause the page layout to be inconsistent, however.

[1{C:/Users/bunch/AppData/Local/MiKTeX/pdftex/config/pdftex.map}

 <./images/logo.jpg>] [2]
LaTeX Font Info:    Font shape `OT1/phv/m/it' in size <10> not available
(Font)              Font shape `OT1/phv/m/sl' tried instead on input line 63.

Underfull \hbox (badness 10000) in paragraph at lines 63--63
[]|\OT1/phv/m/sl/10 The cur-rent mea-sure-ment
 []

<./images/FG_drawing_small.jpg, id=119, 775.39688pt x 308.65312pt>
File: ./images/FG_drawing_small.jpg Graphic file (type jpg)
<use ./images/FG_drawing_small.jpg>
Package pdftex.def Info: ./images/FG_drawing_small.jpg  used on input line 70.
(pdftex.def)             Requested size: 310.15326pt x 123.45905pt.
<./images/sample_bg.png, id=123, 1387.584pt x 724.1454pt>
File: ./images/sample_bg.png Graphic file (type png)
<use ./images/sample_bg.png>
Package pdftex.def Info: ./images/sample_bg.png  used on input line 81.
(pdftex.def)             Requested size: 226.48395pt x 118.18604pt.
[3

pdfTeX warning (ext4): destination with the same identifier (name{figure.1}) ha
s been already used, duplicate ignored

\AtBegShi@Output ...ipout \box \AtBeginShipoutBox 
                                                  \fi \fi 
l.84 \end{figure}
                  <./images/FG_drawing_small.jpg>]
<./images/PSU_pinout.jpg, id=145, 724.20563pt x 546.54187pt>
File: ./images/PSU_pinout.jpg Graphic file (type jpg)
<use ./images/PSU_pinout.jpg>
Package pdftex.def Info: ./images/PSU_pinout.jpg  used on input line 91.
(pdftex.def)             Requested size: 362.10193pt x 273.27026pt.

Underfull \hbox (badness 3826) in paragraph at lines 96--96
[]|\OT1/phv/m/sl/10 If trou-bleshoot-ing the PCB,
 []

[4pdfTeX warning (ext4): destination with the same identifier (name{figure.2}) 
has been already used, duplicate ignored

\AtBegShi@Output ...ipout \box \AtBeginShipoutBox 
                                                  \fi \fi 
l.100 
      pdfTeX warning (ext4): destination with the same identifier (name{figure.
3}) has been already used, duplicate ignored

\AtBegShi@Output ...ipout \box \AtBeginShipoutBox 
                                                  \fi \fi 
l.100 
       <./images/sample_bg.png> <./images/PSU_pinout.jpg>]
<./images/motor_leads.jpg, id=161, 640.53589pt x 396.62465pt>
File: ./images/motor_leads.jpg Graphic file (type jpg)
<use ./images/motor_leads.jpg>
Package pdftex.def Info: ./images/motor_leads.jpg  used on input line 120.
(pdftex.def)             Requested size: 217.42265pt x 134.62666pt.
 [5pdfTeX warning (ext4): destination with the same identifier (name{figure.4})
 has been already used, duplicate ignored

\AtBegShi@Output ...ipout \box \AtBeginShipoutBox 
                                                  \fi \fi 
l.131 
       <./images/motor_leads.jpg>]
\openout4 = `Gradiometer_User_Manual.pyg'.


(_minted-Gradiometer_User_Manual/default-pyg-prefix.pygstyle)
(_minted-Gradiometer_User_Manual/default.pygstyle)
(_minted-Gradiometer_User_Manual/A596F46A9CEFA7A99B207F94D05B4A6D61B77A3BE2B7A4
3ABD2C0DD6A1457AB2.pygtex)
\openout4 = `Gradiometer_User_Manual.pyg'.


(_minted-Gradiometer_User_Manual/925040D836D8008C6C74663DABEF26C461B77A3BE2B7A4
3ABD2C0DD6A1457AB2.pygtex)
\openout3 = `Gradiometer_User_Manual.pyg'.


(_minted-Gradiometer_User_Manual/DCC1658AC6DC0AB298229AA9404278F861B77A3BE2B7A4
3ABD2C0DD6A1457AB2.pygtex)
\openout4 = `Gradiometer_User_Manual.pyg'.


(_minted-Gradiometer_User_Manual/B11F0F4097F3AC4AFAFAF64D24E3FA4B61B77A3BE2B7A4
3ABD2C0DD6A1457AB2.pygtex)
\openout4 = `Gradiometer_User_Manual.pyg'.


(_minted-Gradiometer_User_Manual/1326A282F9716D79B8573DD387A8B5B661B77A3BE2B7A4
3ABD2C0DD6A1457AB2.pygtex)
\openout4 = `Gradiometer_User_Manual.pyg'.


(_minted-Gradiometer_User_Manual/9F3993744B9FDBBFF890662DA14DD8C761B77A3BE2B7A4
3ABD2C0DD6A1457AB2.pygtex)
\openout4 = `Gradiometer_User_Manual.pyg'.

 [6]
(_minted-Gradiometer_User_Manual/CF65F36BF606C4C3CD38385D79D2226F61B77A3BE2B7A4
3ABD2C0DD6A1457AB2.pygtex)
\openout4 = `Gradiometer_User_Manual.pyg'.


(_minted-Gradiometer_User_Manual/973461228672BBB93D4E0ED3DFBA7FF361B77A3BE2B7A4
3ABD2C0DD6A1457AB2.pygtex)
\openout4 = `Gradiometer_User_Manual.pyg'.


(_minted-Gradiometer_User_Manual/973461228672BBB93D4E0ED3DFBA7FF361B77A3BE2B7A4
3ABD2C0DD6A1457AB2.pygtex)
\openout4 = `Gradiometer_User_Manual.pyg'.


(_minted-Gradiometer_User_Manual/5A031CCEA323A905A584AB561FFEE4B561B77A3BE2B7A4
3ABD2C0DD6A1457AB2.pygtex)
\openout4 = `Gradiometer_User_Manual.pyg'.


(_minted-Gradiometer_User_Manual/F4B524261FCE06C1FBD10B4681AD0B9761B77A3BE2B7A4
3ABD2C0DD6A1457AB2.pygtex)
\openout4 = `Gradiometer_User_Manual.pyg'.


(_minted-Gradiometer_User_Manual/5DBA04D734844E0AACD30D35BA189D6961B77A3BE2B7A4
3ABD2C0DD6A1457AB2.pygtex)
\openout4 = `Gradiometer_User_Manual.pyg'.


(_minted-Gradiometer_User_Manual/D2402DF09427FE85ADF54437B843310461B77A3BE2B7A4
3ABD2C0DD6A1457AB2.pygtex)
\openout3 = `Gradiometer_User_Manual.pyg'.


(_minted-Gradiometer_User_Manual/A71AE9AE7AAF392F9654FFCC5DE8031B61B77A3BE2B7A4
3ABD2C0DD6A1457AB2.pygtex)
\openout4 = `Gradiometer_User_Manual.pyg'.


(_minted-Gradiometer_User_Manual/5313562ACE7540CDCCDC0C12C041E2C161B77A3BE2B7A4
3ABD2C0DD6A1457AB2.pygtex)
\openout3 = `Gradiometer_User_Manual.pyg'.


(_minted-Gradiometer_User_Manual/FF9D01341368C1DD154AA625944B80AB61B77A3BE2B7A4
3ABD2C0DD6A1457AB2.pygtex)
\openout4 = `Gradiometer_User_Manual.pyg'.


(_minted-Gradiometer_User_Manual/46DB34578445AF7ACCC03362408E4C2E61B77A3BE2B7A4
3ABD2C0DD6A1457AB2.pygtex)
\openout4 = `Gradiometer_User_Manual.pyg'.


(_minted-Gradiometer_User_Manual/4C63661D7E782F1BD6540A6EABDC8B5A61B77A3BE2B7A4
3ABD2C0DD6A1457AB2.pygtex)
\openout4 = `Gradiometer_User_Manual.pyg'.


(_minted-Gradiometer_User_Manual/973461228672BBB93D4E0ED3DFBA7FF361B77A3BE2B7A4
3ABD2C0DD6A1457AB2.pygtex) [7]
\openout4 = `Gradiometer_User_Manual.pyg'.


(_minted-Gradiometer_User_Manual/5DBA04D734844E0AACD30D35BA189D6961B77A3BE2B7A4
3ABD2C0DD6A1457AB2.pygtex)
\openout4 = `Gradiometer_User_Manual.pyg'.


(_minted-Gradiometer_User_Manual/B329E278E714CD4FF5F334B87A5B5D3D61B77A3BE2B7A4
3ABD2C0DD6A1457AB2.pygtex)
\openout4 = `Gradiometer_User_Manual.pyg'.


(_minted-Gradiometer_User_Manual/A1B0865D88134BC83C47C2F3EDC3B7C361B77A3BE2B7A4
3ABD2C0DD6A1457AB2.pygtex)
\openout4 = `Gradiometer_User_Manual.pyg'.


(_minted-Gradiometer_User_Manual/A79FA4A55D7E9FA773EA6AC3E9EFFEDF61B77A3BE2B7A4
3ABD2C0DD6A1457AB2.pygtex)
\openout4 = `Gradiometer_User_Manual.pyg'.


(_minted-Gradiometer_User_Manual/5DBA04D734844E0AACD30D35BA189D6961B77A3BE2B7A4
3ABD2C0DD6A1457AB2.pygtex)
\openout4 = `Gradiometer_User_Manual.pyg'.


(_minted-Gradiometer_User_Manual/68E7F9861E7F2908531FDA23D11EBFB761B77A3BE2B7A4
3ABD2C0DD6A1457AB2.pygtex)
\openout4 = `Gradiometer_User_Manual.pyg'.


(_minted-Gradiometer_User_Manual/18E087F296E77E4710C81E229DEBCACF61B77A3BE2B7A4
3ABD2C0DD6A1457AB2.pygtex)
\openout4 = `Gradiometer_User_Manual.pyg'.


(_minted-Gradiometer_User_Manual/3F258F8D03B1049FE3E49FC2E159C2AB61B77A3BE2B7A4
3ABD2C0DD6A1457AB2.pygtex)
\openout4 = `Gradiometer_User_Manual.pyg'.


(_minted-Gradiometer_User_Manual/68E7F9861E7F2908531FDA23D11EBFB761B77A3BE2B7A4
3ABD2C0DD6A1457AB2.pygtex)
\openout4 = `Gradiometer_User_Manual.pyg'.


(_minted-Gradiometer_User_Manual/B2CA0BC0699DA30BB0BD75AFE44E7F6EFBC1AC60704C70
2F051CC644459BB723.pygtex)
Underfull \hbox (badness 5217) in paragraph at lines 212--212
[]|\OT1/phv/m/sl/10 When po-si-tion is changed,
 []


Underfull \hbox (badness 2351) in paragraph at lines 212--212
\OT1/phv/m/sl/10 float-ing point er-ror ac-cu-mu-
 []

\openout4 = `Gradiometer_User_Manual.pyg'.


(_minted-Gradiometer_User_Manual/E1452654A78D238983A841D6424C5601FBC1AC60704C70
2F051CC644459BB723.pygtex)
\openout4 = `Gradiometer_User_Manual.pyg'.


(_minted-Gradiometer_User_Manual/4AE82EF387508CBC4A41FEA031787AB461B77A3BE2B7A4
3ABD2C0DD6A1457AB2.pygtex)
\openout4 = `Gradiometer_User_Manual.pyg'.


(_minted-Gradiometer_User_Manual/5DBA04D734844E0AACD30D35BA189D6961B77A3BE2B7A4
3ABD2C0DD6A1457AB2.pygtex)
\openout4 = `Gradiometer_User_Manual.pyg'.


(_minted-Gradiometer_User_Manual/F302F04658963683BC1F5D898CCF165CFBC1AC60704C70
2F051CC644459BB723.pygtex)
\openout4 = `Gradiometer_User_Manual.pyg'.


(_minted-Gradiometer_User_Manual/95788C4EB629A86E2D87C83207C3A712FBC1AC60704C70
2F051CC644459BB723.pygtex)
\openout4 = `Gradiometer_User_Manual.pyg'.


(_minted-Gradiometer_User_Manual/DE4EDBBB41C4F586191CB6201A1253DFFBC1AC60704C70
2F051CC644459BB723.pygtex)
\openout4 = `Gradiometer_User_Manual.pyg'.


(_minted-Gradiometer_User_Manual/FFBD2BBA61BA6C99F92FBC598BA2C781FBC1AC60704C70
2F051CC644459BB723.pygtex)
\openout4 = `Gradiometer_User_Manual.pyg'.


(_minted-Gradiometer_User_Manual/5AFA598F9EF778A0D1C30931D923898AFBC1AC60704C70
2F051CC644459BB723.pygtex)
\openout4 = `Gradiometer_User_Manual.pyg'.


(_minted-Gradiometer_User_Manual/CB1380E6695AF3404C7C43095E60F08EFBC1AC60704C70
2F051CC644459BB723.pygtex) [8

]
\openout4 = `Gradiometer_User_Manual.pyg'.


(_minted-Gradiometer_User_Manual/4B8C2B9C9FA237D13CF68219D55ECC1DFBC1AC60704C70
2F051CC644459BB723.pygtex)
\openout4 = `Gradiometer_User_Manual.pyg'.


(_minted-Gradiometer_User_Manual/B026324C6904B2A9CB4B88D6D61C81D1FBC1AC60704C70
2F051CC644459BB723.pygtex)
\openout4 = `Gradiometer_User_Manual.pyg'.


(_minted-Gradiometer_User_Manual/26AB0DB90D72E28AD0BA1E22EE510510FBC1AC60704C70
2F051CC644459BB723.pygtex)
\openout4 = `Gradiometer_User_Manual.pyg'.


(_minted-Gradiometer_User_Manual/8650EBD3ACA91CECB98D6A136F55637BFBC1AC60704C70
2F051CC644459BB723.pygtex)
\openout4 = `Gradiometer_User_Manual.pyg'.


(_minted-Gradiometer_User_Manual/285CDA5F2B3BEBC47ECC39682ED0EF9961B77A3BE2B7A4
3ABD2C0DD6A1457AB2.pygtex)
\openout3 = `Gradiometer_User_Manual.pyg'.


(_minted-Gradiometer_User_Manual/E41AE6A96744A1B3996A91780A318D2CFBC1AC60704C70
2F051CC644459BB723.pygtex
LaTeX Font Info:    Font shape `OT1/cmtt/bx/n' in size <10> not available
(Font)              Font shape `OT1/cmtt/m/n' tried instead on input line 2.
)
\openout4 = `Gradiometer_User_Manual.pyg'.


(_minted-Gradiometer_User_Manual/F38A348577FB0D5BDE11801C4A0559D6FBC1AC60704C70
2F051CC644459BB723.pygtex)
\openout4 = `Gradiometer_User_Manual.pyg'.


(_minted-Gradiometer_User_Manual/DB836970AE594C868D260DAA82D884B7FBC1AC60704C70
2F051CC644459BB723.pygtex)
\openout4 = `Gradiometer_User_Manual.pyg'.


(_minted-Gradiometer_User_Manual/4B8C2B9C9FA237D13CF68219D55ECC1DFBC1AC60704C70
2F051CC644459BB723.pygtex)
\openout4 = `Gradiometer_User_Manual.pyg'.


(_minted-Gradiometer_User_Manual/6560A8697EFC3C9AEF15BEFE2AE1B499FBC1AC60704C70
2F051CC644459BB723.pygtex)
\openout4 = `Gradiometer_User_Manual.pyg'.


(_minted-Gradiometer_User_Manual/A76E38D491149F128F65E2FE9265B761FBC1AC60704C70
2F051CC644459BB723.pygtex)
\openout4 = `Gradiometer_User_Manual.pyg'.


(_minted-Gradiometer_User_Manual/618D66C60A9E393478FD1B013BC50BE5FBC1AC60704C70
2F051CC644459BB723.pygtex)
\openout4 = `Gradiometer_User_Manual.pyg'.


(_minted-Gradiometer_User_Manual/D96D0E629E05826DB424DBC51D2BD536FBC1AC60704C70
2F051CC644459BB723.pygtex)
\openout4 = `Gradiometer_User_Manual.pyg'.


(_minted-Gradiometer_User_Manual/810C5CF4F347F0FF127AB428D729069FFBC1AC60704C70
2F051CC644459BB723.pygtex)
Underfull \hbox (badness 1708) in paragraph at lines 235--235
[]|\OT1/phv/m/sl/10 There is no coded limit on
 []

\openout4 = `Gradiometer_User_Manual.pyg'.


(_minted-Gradiometer_User_Manual/292A32E9E79440DEFCD5A0EEFB6644D7FBC1AC60704C70
2F051CC644459BB723.pygtex)
\openout4 = `Gradiometer_User_Manual.pyg'.


(_minted-Gradiometer_User_Manual/7213C106CF4B03E92B0CF8E37DF71D0CFBC1AC60704C70
2F051CC644459BB723.pygtex)
\openout4 = `Gradiometer_User_Manual.pyg'.


(_minted-Gradiometer_User_Manual/292A32E9E79440DEFCD5A0EEFB6644D7FBC1AC60704C70
2F051CC644459BB723.pygtex)
\openout4 = `Gradiometer_User_Manual.pyg'.


(_minted-Gradiometer_User_Manual/7213C106CF4B03E92B0CF8E37DF71D0CFBC1AC60704C70
2F051CC644459BB723.pygtex)
\openout4 = `Gradiometer_User_Manual.pyg'.


(_minted-Gradiometer_User_Manual/292A32E9E79440DEFCD5A0EEFB6644D7FBC1AC60704C70
2F051CC644459BB723.pygtex)
\openout4 = `Gradiometer_User_Manual.pyg'.


(_minted-Gradiometer_User_Manual/7FB2A6932C148C73689590C78B0DCB16FBC1AC60704C70
2F051CC644459BB723.pygtex)
\openout4 = `Gradiometer_User_Manual.pyg'.


(_minted-Gradiometer_User_Manual/889E0D7343405C079195E7B8903C8C9EFBC1AC60704C70
2F051CC644459BB723.pygtex)
\openout4 = `Gradiometer_User_Manual.pyg'.


(_minted-Gradiometer_User_Manual/30D9529FF51C6977FA9FA57BC73FDDE3FBC1AC60704C70
2F051CC644459BB723.pygtex)
\openout4 = `Gradiometer_User_Manual.pyg'.


(_minted-Gradiometer_User_Manual/292A32E9E79440DEFCD5A0EEFB6644D7FBC1AC60704C70
2F051CC644459BB723.pygtex)
\openout4 = `Gradiometer_User_Manual.pyg'.


(_minted-Gradiometer_User_Manual/373E5DEA7BBE5E14A2520D018D617E5DFBC1AC60704C70
2F051CC644459BB723.pygtex)
\openout4 = `Gradiometer_User_Manual.pyg'.


(_minted-Gradiometer_User_Manual/2B080D40C418A16FE21C306FAB66EFA3FBC1AC60704C70
2F051CC644459BB723.pygtex)
\openout4 = `Gradiometer_User_Manual.pyg'.


(_minted-Gradiometer_User_Manual/30D9529FF51C6977FA9FA57BC73FDDE3FBC1AC60704C70
2F051CC644459BB723.pygtex)
\openout4 = `Gradiometer_User_Manual.pyg'.


(_minted-Gradiometer_User_Manual/2B080D40C418A16FE21C306FAB66EFA3FBC1AC60704C70
2F051CC644459BB723.pygtex) [9]
\openout4 = `Gradiometer_User_Manual.pyg'.


(_minted-Gradiometer_User_Manual/31375AEBB8D31EA683BFA31EB04E1C38FBC1AC60704C70
2F051CC644459BB723.pygtex)
\openout4 = `Gradiometer_User_Manual.pyg'.


(_minted-Gradiometer_User_Manual/292A32E9E79440DEFCD5A0EEFB6644D7FBC1AC60704C70
2F051CC644459BB723.pygtex)
\openout4 = `Gradiometer_User_Manual.pyg'.


(_minted-Gradiometer_User_Manual/1CF41B155A816ED713EB6121AD974B4A61B77A3BE2B7A4
3ABD2C0DD6A1457AB2.pygtex)
\openout4 = `Gradiometer_User_Manual.pyg'.


(_minted-Gradiometer_User_Manual/F554F066CFF2EE140FB72251A73DC75E61B77A3BE2B7A4
3ABD2C0DD6A1457AB2.pygtex)
\openout4 = `Gradiometer_User_Manual.pyg'.


(_minted-Gradiometer_User_Manual/5B07A1D895A7FBBD727C479A2DBBA623FBC1AC60704C70
2F051CC644459BB723.pygtex)
\openout4 = `Gradiometer_User_Manual.pyg'.


(_minted-Gradiometer_User_Manual/639C632493326E5F343699E923E49D5FFBC1AC60704C70
2F051CC644459BB723.pygtex)
\openout4 = `Gradiometer_User_Manual.pyg'.


(_minted-Gradiometer_User_Manual/CAD80F3B6F4E1F3051FE1C9D5F438BC3FBC1AC60704C70
2F051CC644459BB723.pygtex)
\openout4 = `Gradiometer_User_Manual.pyg'.


(_minted-Gradiometer_User_Manual/C0C430F15599ED0272F3B608997B34A1FBC1AC60704C70
2F051CC644459BB723.pygtex)
\openout4 = `Gradiometer_User_Manual.pyg'.


(_minted-Gradiometer_User_Manual/2E34DA47227180570EF2EE3520E7CA3DFBC1AC60704C70
2F051CC644459BB723.pygtex)
\openout4 = `Gradiometer_User_Manual.pyg'.


(_minted-Gradiometer_User_Manual/7B50E6CD3110E64DC23429C0E07C2FC1FBC1AC60704C70
2F051CC644459BB723.pygtex)
\openout4 = `Gradiometer_User_Manual.pyg'.


(_minted-Gradiometer_User_Manual/7B50E6CD3110E64DC23429C0E07C2FC1FBC1AC60704C70
2F051CC644459BB723.pygtex)
\openout4 = `Gradiometer_User_Manual.pyg'.


(_minted-Gradiometer_User_Manual/7B50E6CD3110E64DC23429C0E07C2FC1FBC1AC60704C70
2F051CC644459BB723.pygtex)
\openout4 = `Gradiometer_User_Manual.pyg'.


(_minted-Gradiometer_User_Manual/7B50E6CD3110E64DC23429C0E07C2FC1FBC1AC60704C70
2F051CC644459BB723.pygtex)
\openout4 = `Gradiometer_User_Manual.pyg'.


(_minted-Gradiometer_User_Manual/292A32E9E79440DEFCD5A0EEFB6644D7FBC1AC60704C70
2F051CC644459BB723.pygtex)
\openout4 = `Gradiometer_User_Manual.pyg'.


(_minted-Gradiometer_User_Manual/EB79D3CCE104B3FCFD3E9BC533D020BCFBC1AC60704C70
2F051CC644459BB723.pygtex)
\openout4 = `Gradiometer_User_Manual.pyg'.


(_minted-Gradiometer_User_Manual/292A32E9E79440DEFCD5A0EEFB6644D7FBC1AC60704C70
2F051CC644459BB723.pygtex)
\openout4 = `Gradiometer_User_Manual.pyg'.


(_minted-Gradiometer_User_Manual/7213C106CF4B03E92B0CF8E37DF71D0CFBC1AC60704C70
2F051CC644459BB723.pygtex)
\openout4 = `Gradiometer_User_Manual.pyg'.


(_minted-Gradiometer_User_Manual/7213C106CF4B03E92B0CF8E37DF71D0CFBC1AC60704C70
2F051CC644459BB723.pygtex)
\openout4 = `Gradiometer_User_Manual.pyg'.


(_minted-Gradiometer_User_Manual/7213C106CF4B03E92B0CF8E37DF71D0CFBC1AC60704C70
2F051CC644459BB723.pygtex)
\openout4 = `Gradiometer_User_Manual.pyg'.


(_minted-Gradiometer_User_Manual/EC096753507331F30D2790AF6EF91247FBC1AC60704C70
2F051CC644459BB723.pygtex)
\openout4 = `Gradiometer_User_Manual.pyg'.


(_minted-Gradiometer_User_Manual/BFDD15C31DC2B9C14393FF9C7FCC49A6FBC1AC60704C70
2F051CC644459BB723.pygtex)
\openout4 = `Gradiometer_User_Manual.pyg'.


(_minted-Gradiometer_User_Manual/31375AEBB8D31EA683BFA31EB04E1C38FBC1AC60704C70
2F051CC644459BB723.pygtex)
\openout4 = `Gradiometer_User_Manual.pyg'.


(_minted-Gradiometer_User_Manual/292A32E9E79440DEFCD5A0EEFB6644D7FBC1AC60704C70
2F051CC644459BB723.pygtex)
\openout4 = `Gradiometer_User_Manual.pyg'.


(_minted-Gradiometer_User_Manual/1885EC233380D4129734DA880911280BFBC1AC60704C70
2F051CC644459BB723.pygtex)
\openout4 = `Gradiometer_User_Manual.pyg'.


(_minted-Gradiometer_User_Manual/08E9DE24AB150D083240557CEC091D53FBC1AC60704C70
2F051CC644459BB723.pygtex)
\openout4 = `Gradiometer_User_Manual.pyg'.


(_minted-Gradiometer_User_Manual/CAD80F3B6F4E1F3051FE1C9D5F438BC3FBC1AC60704C70
2F051CC644459BB723.pygtex)
\openout4 = `Gradiometer_User_Manual.pyg'.


(_minted-Gradiometer_User_Manual/C0C430F15599ED0272F3B608997B34A1FBC1AC60704C70
2F051CC644459BB723.pygtex)
\openout4 = `Gradiometer_User_Manual.pyg'.


(_minted-Gradiometer_User_Manual/292A32E9E79440DEFCD5A0EEFB6644D7FBC1AC60704C70
2F051CC644459BB723.pygtex)
\openout4 = `Gradiometer_User_Manual.pyg'.


(_minted-Gradiometer_User_Manual/80686F3B6ACAFE378CEAE48E355E2D1BFBC1AC60704C70
2F051CC644459BB723.pygtex)
\openout4 = `Gradiometer_User_Manual.pyg'.


(_minted-Gradiometer_User_Manual/B9840E669C1EBB7193189F8D127B8D53FBC1AC60704C70
2F051CC644459BB723.pygtex)
\openout4 = `Gradiometer_User_Manual.pyg'.


(_minted-Gradiometer_User_Manual/7213C106CF4B03E92B0CF8E37DF71D0CFBC1AC60704C70
2F051CC644459BB723.pygtex)
\openout4 = `Gradiometer_User_Manual.pyg'.


(_minted-Gradiometer_User_Manual/B9840E669C1EBB7193189F8D127B8D53FBC1AC60704C70
2F051CC644459BB723.pygtex)
\openout4 = `Gradiometer_User_Manual.pyg'.


(_minted-Gradiometer_User_Manual/27EB58C327735D62813FC677A2408974FBC1AC60704C70
2F051CC644459BB723.pygtex)
\openout4 = `Gradiometer_User_Manual.pyg'.


(_minted-Gradiometer_User_Manual/6B40591081DB21BB560C50BDAC9FBC1FFBC1AC60704C70
2F051CC644459BB723.pygtex)
\openout4 = `Gradiometer_User_Manual.pyg'.


(_minted-Gradiometer_User_Manual/8650EBD3ACA91CECB98D6A136F55637BFBC1AC60704C70
2F051CC644459BB723.pygtex)
\openout4 = `Gradiometer_User_Manual.pyg'.


(_minted-Gradiometer_User_Manual/EA8D78C5626DD680E4EDD15A708F8EB4FBC1AC60704C70
2F051CC644459BB723.pygtex)
\openout4 = `Gradiometer_User_Manual.pyg'.


(_minted-Gradiometer_User_Manual/6B95C2E180906D313B484C554B5C02E0FBC1AC60704C70
2F051CC644459BB723.pygtex) [10]
\openout4 = `Gradiometer_User_Manual.pyg'.


(_minted-Gradiometer_User_Manual/D642E68B534C54500000ACEB260AF70DFBC1AC60704C70
2F051CC644459BB723.pygtex)
\openout4 = `Gradiometer_User_Manual.pyg'.


(_minted-Gradiometer_User_Manual/5177A58DC65C8A14DC90C69DB3BF3DD2FBC1AC60704C70
2F051CC644459BB723.pygtex)
\openout4 = `Gradiometer_User_Manual.pyg'.


(_minted-Gradiometer_User_Manual/6D0F73D156F41B97296E22FD1AF48A2AFBC1AC60704C70
2F051CC644459BB723.pygtex)
\openout4 = `Gradiometer_User_Manual.pyg'.


(_minted-Gradiometer_User_Manual/292A32E9E79440DEFCD5A0EEFB6644D7FBC1AC60704C70
2F051CC644459BB723.pygtex)
\openout4 = `Gradiometer_User_Manual.pyg'.


(_minted-Gradiometer_User_Manual/7B50E6CD3110E64DC23429C0E07C2FC1FBC1AC60704C70
2F051CC644459BB723.pygtex)
\openout4 = `Gradiometer_User_Manual.pyg'.


(_minted-Gradiometer_User_Manual/644B9D53F1D287846895DF893132C546FBC1AC60704C70
2F051CC644459BB723.pygtex)
\openout4 = `Gradiometer_User_Manual.pyg'.


(_minted-Gradiometer_User_Manual/44DB8810EE09436502E80A7AC1F3FC9BFBC1AC60704C70
2F051CC644459BB723.pygtex)
\openout4 = `Gradiometer_User_Manual.pyg'.


(_minted-Gradiometer_User_Manual/292A32E9E79440DEFCD5A0EEFB6644D7FBC1AC60704C70
2F051CC644459BB723.pygtex)
\openout4 = `Gradiometer_User_Manual.pyg'.


(_minted-Gradiometer_User_Manual/5177A58DC65C8A14DC90C69DB3BF3DD2FBC1AC60704C70
2F051CC644459BB723.pygtex)
<./images/calib_mark.jpg, id=216, 2699.08376pt x 2502.34875pt>
File: ./images/calib_mark.jpg Graphic file (type jpg)
<use ./images/calib_mark.jpg>
Package pdftex.def Info: ./images/calib_mark.jpg  used on input line 276.
(pdftex.def)             Requested size: 172.13pt x 159.56558pt.
\openout4 = `Gradiometer_User_Manual.pyg'.


(_minted-Gradiometer_User_Manual/8D105386ABB969C00AEBB903CB161E53FBC1AC60704C70
2F051CC644459BB723.pygtex)
\openout4 = `Gradiometer_User_Manual.pyg'.


(_minted-Gradiometer_User_Manual/292A32E9E79440DEFCD5A0EEFB6644D7FBC1AC60704C70
2F051CC644459BB723.pygtex) [11pdfTeX warning (ext4): destination with the same 
identifier (name{figure.5}) has been already used, duplicate ignored

\AtBegShi@Output ...ipout \box \AtBeginShipoutBox 
                                                  \fi \fi 
l.284 
       <./images/calib_mark.jpg>]
\openout4 = `Gradiometer_User_Manual.pyg'.


(_minted-Gradiometer_User_Manual/A76E38D491149F128F65E2FE9265B761FBC1AC60704C70
2F051CC644459BB723.pygtex)
\openout4 = `Gradiometer_User_Manual.pyg'.


(_minted-Gradiometer_User_Manual/8D105386ABB969C00AEBB903CB161E53FBC1AC60704C70
2F051CC644459BB723.pygtex)
\openout4 = `Gradiometer_User_Manual.pyg'.


(_minted-Gradiometer_User_Manual/9DBB7387EB3CE5671387F1B525C88BA6FBC1AC60704C70
2F051CC644459BB723.pygtex)
\openout4 = `Gradiometer_User_Manual.pyg'.


(_minted-Gradiometer_User_Manual/2B080D40C418A16FE21C306FAB66EFA3FBC1AC60704C70
2F051CC644459BB723.pygtex)
\openout4 = `Gradiometer_User_Manual.pyg'.


(_minted-Gradiometer_User_Manual/D3F9A3EEC14B5534F526E5EC26AD83AF61B77A3BE2B7A4
3ABD2C0DD6A1457AB2.pygtex)
\openout4 = `Gradiometer_User_Manual.pyg'.


(_minted-Gradiometer_User_Manual/A76E38D491149F128F65E2FE9265B761FBC1AC60704C70
2F051CC644459BB723.pygtex)
\openout4 = `Gradiometer_User_Manual.pyg'.


(_minted-Gradiometer_User_Manual/DCEF0582D8233FFDF8B5C787B4E25AB361B77A3BE2B7A4
3ABD2C0DD6A1457AB2.pygtex)
\openout4 = `Gradiometer_User_Manual.pyg'.


(_minted-Gradiometer_User_Manual/4A69013BE9F08507FACCBECFD71A06E961B77A3BE2B7A4
3ABD2C0DD6A1457AB2.pygtex)
\openout4 = `Gradiometer_User_Manual.pyg'.


(_minted-Gradiometer_User_Manual/75AF15955950195CA9154C6EA4FF676AFBC1AC60704C70
2F051CC644459BB723.pygtex
LaTeX Font Info:    Font shape `OT1/cmtt/bx/n' in size <12> not available
(Font)              Font shape `OT1/cmtt/m/n' tried instead on input line 1.
)
\openout4 = `Gradiometer_User_Manual.pyg'.


(_minted-Gradiometer_User_Manual/4ABFDDFACD760778FDBBB08C5A48E786FBC1AC60704C70
2F051CC644459BB723.pygtex)
\openout4 = `Gradiometer_User_Manual.pyg'.


(_minted-Gradiometer_User_Manual/05C51FA3134172FA760750B19C4A4A9CFBC1AC60704C70
2F051CC644459BB723.pygtex)
\openout4 = `Gradiometer_User_Manual.pyg'.


(_minted-Gradiometer_User_Manual/4A980E334280EB324D98C944EAF9FEEE61B77A3BE2B7A4
3ABD2C0DD6A1457AB2.pygtex)
\openout4 = `Gradiometer_User_Manual.pyg'.


(_minted-Gradiometer_User_Manual/61B8BD8F3B5D6A9252E36ACB337C7DC7FBC1AC60704C70
2F051CC644459BB723.pygtex)
\openout4 = `Gradiometer_User_Manual.pyg'.


(_minted-Gradiometer_User_Manual/75AF15955950195CA9154C6EA4FF676AFBC1AC60704C70
2F051CC644459BB723.pygtex)
\openout4 = `Gradiometer_User_Manual.pyg'.


(_minted-Gradiometer_User_Manual/75AF15955950195CA9154C6EA4FF676AFBC1AC60704C70
2F051CC644459BB723.pygtex)
\openout4 = `Gradiometer_User_Manual.pyg'.


(_minted-Gradiometer_User_Manual/0AA4328D7454767E31CDF63B847B722261B77A3BE2B7A4
3ABD2C0DD6A1457AB2.pygtex)
\openout3 = `Gradiometer_User_Manual.pyg'.


(_minted-Gradiometer_User_Manual/39855B062623AD12197704F8B4216959FBC1AC60704C70
2F051CC644459BB723.pygtex)
\openout4 = `Gradiometer_User_Manual.pyg'.


(_minted-Gradiometer_User_Manual/292A32E9E79440DEFCD5A0EEFB6644D7FBC1AC60704C70
2F051CC644459BB723.pygtex)
\openout4 = `Gradiometer_User_Manual.pyg'.


(_minted-Gradiometer_User_Manual/24E8C939A2AC51306550F3931BE2EEE061B77A3BE2B7A4
3ABD2C0DD6A1457AB2.pygtex)
\openout3 = `Gradiometer_User_Manual.pyg'.

 [12]
(_minted-Gradiometer_User_Manual/F5D0241421918160B74C7FED1D1B1A5CFBC1AC60704C70
2F051CC644459BB723.pygtex)
\openout4 = `Gradiometer_User_Manual.pyg'.


(_minted-Gradiometer_User_Manual/71EB3ED22BF117354D55223506B6C0AEFBC1AC60704C70
2F051CC644459BB723.pygtex)
\openout4 = `Gradiometer_User_Manual.pyg'.


(_minted-Gradiometer_User_Manual/7213C106CF4B03E92B0CF8E37DF71D0CFBC1AC60704C70
2F051CC644459BB723.pygtex)
\openout4 = `Gradiometer_User_Manual.pyg'.


(_minted-Gradiometer_User_Manual/517BFB3936981EC250BFBF29F1F2ED4561B77A3BE2B7A4
3ABD2C0DD6A1457AB2.pygtex)
\openout3 = `Gradiometer_User_Manual.pyg'.


(_minted-Gradiometer_User_Manual/89EF8911C1A0B99EB04FF557F4D608E1FBC1AC60704C70
2F051CC644459BB723.pygtex) [13]
<./images/Mag-03_Drawing.pdf, id=246, 845.0471pt x 597.51233pt>
File: ./images/Mag-03_Drawing.pdf Graphic file (type pdf)
<use ./images/Mag-03_Drawing.pdf>
Package pdftex.def Info: ./images/Mag-03_Drawing.pdf  used on input line 364.
(pdftex.def)             Requested size: 845.04504pt x 597.51086pt.
 [14

pdfTeX warning (ext4): destination with the same identifier (name{figure.6}) ha
s been already used, duplicate ignored

\AtBegShi@Output ...ipout \box \AtBeginShipoutBox 
                                                  \fi \fi 
l.370 
       <./images/Mag-03_Drawing.pdf>]
<./images/PSU_amp_diagram.jpg, id=279, 817.55438pt x 492.33937pt>
File: ./images/PSU_amp_diagram.jpg Graphic file (type jpg)
<use ./images/PSU_amp_diagram.jpg>
Package pdftex.def Info: ./images/PSU_amp_diagram.jpg  used on input line 374.
(pdftex.def)             Requested size: 408.7762pt x 246.16907pt.
<./images/PSU_filter_diagram.jpg, id=280, 866.48718pt x 417.81094pt>
File: ./images/PSU_filter_diagram.jpg Graphic file (type jpg)
<use ./images/PSU_filter_diagram.jpg>
Package pdftex.def Info: ./images/PSU_filter_diagram.jpg  used on input line 38
2.
(pdftex.def)             Requested size: 433.24252pt x 208.90495pt.
 [15pdfTeX warning (ext4): destination with the same identifier (name{figure.7}
) has been already used, duplicate ignored

\AtBegShi@Output ...ipout \box \AtBeginShipoutBox 
                                                  \fi \fi 
l.388 
      pdfTeX warning (ext4): destination with the same identifier (name{figure.
8}) has been already used, duplicate ignored

\AtBegShi@Output ...ipout \box \AtBeginShipoutBox 
                                                  \fi \fi 
l.388 
       <./images/PSU_amp_diagram.jpg> <./images/PSU_filter_diagram.jpg>]
<./images/shielding_factor.jpeg, id=287, 1238.7078pt x 784.8522pt>
File: ./images/shielding_factor.jpeg Graphic file (type jpg)
<use ./images/shielding_factor.jpeg>
Package pdftex.def Info: ./images/shielding_factor.jpeg  used on input line 392
.
(pdftex.def)             Requested size: 371.6152pt x 235.45747pt.
<./images/radial_sim.jpg, id=288, 1016.08179pt x 614.72517pt>
File: ./images/radial_sim.jpg Graphic file (type jpg)
<use ./images/radial_sim.jpg>
Package pdftex.def Info: ./images/radial_sim.jpg  used on input line 399.
(pdftex.def)             Requested size: 355.63394pt x 215.15703pt.
<./images/axial_sim.jpg, id=289, 991.99179pt x 618.59679pt>
File: ./images/axial_sim.jpg Graphic file (type jpg)
<use ./images/axial_sim.jpg>
Package pdftex.def Info: ./images/axial_sim.jpg  used on input line 406.
(pdftex.def)             Requested size: 495.99469pt x 309.29764pt.

Overfull \hbox (43.0268pt too wide) in paragraph at lines 406--407
 [][] 
 []


LaTeX Warning: `h' float specifier changed to `ht'.

<./images/end_sim.jpg, id=290, 651.29036pt x 471.9059pt>
File: ./images/end_sim.jpg Graphic file (type jpg)
<use ./images/end_sim.jpg>
Package pdftex.def Info: ./images/end_sim.jpg  used on input line 413.
(pdftex.def)             Requested size: 227.95503pt x 165.16954pt.

LaTeX Warning: `h' float specifier changed to `ht'.

[16pdfTeX warning (ext4): destination with the same identifier (name{figure.9})
 has been already used, duplicate ignored

\AtBegShi@Output ...ipout \box \AtBeginShipoutBox 
                                                  \fi \fi 
l.418 \pagebreak[18]
                    pdfTeX warning (ext4): destination with the same identifier
 (name{figure.10}) has been already used, duplicate ignored

\AtBegShi@Output ...ipout \box \AtBeginShipoutBox 
                                                  \fi \fi 
l.418 \pagebreak[18]
                     <./images/shielding_factor.jpeg> <./images/radial_sim.jpg>
] [17pdfTeX warning (ext4): destination with the same identifier (name{figure.1
1}) has been already used, duplicate ignored

\AtBegShi@Output ...ipout \box \AtBeginShipoutBox 
                                                  \fi \fi 
l.421 
      pdfTeX warning (ext4): destination with the same identifier (name{figure.
12}) has been already used, duplicate ignored

\AtBegShi@Output ...ipout \box \AtBeginShipoutBox 
                                                  \fi \fi 
l.421 
       <./images/axial_sim.jpg> <./images/end_sim.jpg>]
\openout4 = `Gradiometer_User_Manual.pyg'.


(_minted-Gradiometer_User_Manual/1F1D49FEA4E0902E4EA6D4882305FA5AFBC1AC60704C70
2F051CC644459BB723.pygtex)
Overfull \hbox (14.38736pt too wide) in paragraph at lines 440--456
[]\OT1/phv/m/n/10 The cre-den-tials for TRI-UMF Se-cure WiFi ac-cess lo-cated i
n [][][][][][]
 []

[18

]
Package atveryend Info: Empty hook `BeforeClearDocument' on input line 475.
Package atveryend Info: Empty hook `AfterLastShipout' on input line 475.
 ("Gradiometer User Manual.aux")
Package atveryend Info: Executing hook `AtVeryEndDocument' on input line 475.
Package atveryend Info: Executing hook `AtEndAfterFileList' on input line 475.
Package rerunfilecheck Info: File `"Gradiometer User Manual".out' has not chang
ed.
(rerunfilecheck)             Checksum: 946552D38CAC6F88308664BBAF107A20;818.
runsystem(del Gradiometer_User_Manual.pyg)...executed.

 ) 
Here is how much of TeX's memory you used:
 25060 strings out of 480790
 526519 string characters out of 2907056
 844166 words of memory out of 3000000
 40125 multiletter control sequences out of 15000+200000
 551752 words of font info for 50 fonts, out of 3000000 for 9000
 1141 hyphenation exceptions out of 8191
 68i,12n,87p,1464b,763s stack positions out of 5000i,500n,10000p,200000b,50000s
{C:/Program Files/MiKTeX/fonts/enc/dvips/base/8r.enc}<C:/Program Files/MiKTeX
/fonts/type1/public/amsfonts/cm/cmitt10.pfb><C:/Program Files/MiKTeX/fonts/type
1/public/amsfonts/cm/cmmi10.pfb><C:/Program Files/MiKTeX/fonts/type1/public/ams
fonts/cm/cmr10.pfb><C:/Program Files/MiKTeX/fonts/type1/public/amsfonts/cm/cmsy
10.pfb><C:/Program Files/MiKTeX/fonts/type1/public/amsfonts/cm/cmtt10.pfb><C:/P
rogram Files/MiKTeX/fonts/type1/public/amsfonts/cm/cmtt12.pfb><C:/Program Files
/MiKTeX/fonts/type1/urw/helvetic/uhvb8a.pfb><C:/Program Files/MiKTeX/fonts/type
1/urw/helvetic/uhvr8a.pfb><C:/Program Files/MiKTeX/fonts/type1/urw/helvetic/uhv
ro8a.pfb>
Output written on "Gradiometer User Manual.pdf" (18 pages, 3697465 bytes).
PDF statistics:
 354 PDF objects out of 1000 (max. 8388607)
 77 named destinations out of 1000 (max. 500000)
 286 words of extra memory for PDF output out of 10000 (max. 10000000)

